+ ulimit -s unlimited
+ ulimit -l unlimited
+ ulimit -a
core file size          (blocks, -c) 0
data seg size           (kbytes, -d) unlimited
scheduling priority             (-e) 0
file size               (blocks, -f) unlimited
pending signals                 (-i) 30446
max locked memory       (kbytes, -l) unlimited
max memory size         (kbytes, -m) unlimited
open files                      (-n) 8192
pipe size            (512 bytes, -p) 8
POSIX message queues     (bytes, -q) 819200
real-time priority              (-r) 0
stack size              (kbytes, -s) unlimited
cpu time               (seconds, -t) unlimited
max user processes              (-u) unlimited
virtual memory          (kbytes, -v) unlimited
file locks                      (-x) unlimited
+ set +x
[0] MPI startup(): Intel(R) MPI Library, Version 2021.4  Build 20210831 (id: 758087adf)
[0] MPI startup(): Copyright (C) 2003-2021 Intel Corporation.  All rights reserved.
[0] MPI startup(): library kind: release
[0] MPI startup(): libfabric version: 1.13.2amzn1.0
[0] MPI startup(): libfabric provider: efa
[0] MPI startup(): File "" not found
[0] MPI startup(): Load tuning file: "/fs/fsx/sw/spack/opt/spack/linux-amzn2-zen2/intel-2021.4.0/intel-oneapi-mpi-2021.4.0-ncckbpaj4syysow24h4kqt5mu44zf2ev/mpi/2021.4.0/etc/tuning_generic_ofi.dat"
[0] MPI startup(): Rank    Pid      Node name         Pin cpu
[0] MPI startup(): 0       25203    hpc5a-dy-hpc5a-1  {0,1,2,3,4,5,6,7}
[0] MPI startup(): 1       25204    hpc5a-dy-hpc5a-1  {8,9,10,11,12,13,14,15}
[0] MPI startup(): 2       25205    hpc5a-dy-hpc5a-1  {16,17,18,19,20,21,22,23}
[0] MPI startup(): 3       25206    hpc5a-dy-hpc5a-1  {24,25,26,27,28,29,30,31}
[0] MPI startup(): 4       25207    hpc5a-dy-hpc5a-1  {32,33,34,35,36,37,38,39}
[0] MPI startup(): 5       25208    hpc5a-dy-hpc5a-1  {40,41,42,43,44,45,46,47}
[0] MPI startup(): 6       25209    hpc5a-dy-hpc5a-1  {48,49,50,51,52,53,54,55}
[0] MPI startup(): 7       25210    hpc5a-dy-hpc5a-1  {56,57,58,59,60,61,62,63}
[0] MPI startup(): 8       25211    hpc5a-dy-hpc5a-1  {64,65,66,67,68,69,70,71}
[0] MPI startup(): 9       25212    hpc5a-dy-hpc5a-1  {72,73,74,75,76,77,78,79}
[0] MPI startup(): 10      25213    hpc5a-dy-hpc5a-1  {80,81,82,83,84,85,86,87}
[0] MPI startup(): 11      25214    hpc5a-dy-hpc5a-1  {88,89,90,91,92,93,94,95}
[0] MPI startup(): 12      25237    hpc5a-dy-hpc5a-2  {0,1,2,3,4,5,6,7}
[0] MPI startup(): 13      25238    hpc5a-dy-hpc5a-2  {8,9,10,11,12,13,14,15}
[0] MPI startup(): 14      25239    hpc5a-dy-hpc5a-2  {16,17,18,19,20,21,22,23}
[0] MPI startup(): 15      25240    hpc5a-dy-hpc5a-2  {24,25,26,27,28,29,30,31}
[0] MPI startup(): 16      25241    hpc5a-dy-hpc5a-2  {32,33,34,35,36,37,38,39}
[0] MPI startup(): 17      25242    hpc5a-dy-hpc5a-2  {40,41,42,43,44,45,46,47}
[0] MPI startup(): 18      25243    hpc5a-dy-hpc5a-2  {48,49,50,51,52,53,54,55}
[0] MPI startup(): 19      25244    hpc5a-dy-hpc5a-2  {56,57,58,59,60,61,62,63}
[0] MPI startup(): 20      25245    hpc5a-dy-hpc5a-2  {64,65,66,67,68,69,70,71}
[0] MPI startup(): 21      25246    hpc5a-dy-hpc5a-2  {72,73,74,75,76,77,78,79}
[0] MPI startup(): 22      25247    hpc5a-dy-hpc5a-2  {80,81,82,83,84,85,86,87}
[0] MPI startup(): 23      25248    hpc5a-dy-hpc5a-2  {88,89,90,91,92,93,94,95}
[013/024] stack limits -> soft: -1	hard: -1
[015/024] stack limits -> soft: -1	hard: -1
[017/024] stack limits -> soft: -1	hard: -1
[023/024] stack limits -> soft: -1	hard: -1
[019/024] stack limits -> soft: -1	hard: -1
[021/024] stack limits -> soft: -1	hard: -1
[001/024] stack limits -> soft: -1	hard: -1
[003/024] stack limits -> soft: -1	hard: -1
[005/024] stack limits -> soft: -1	hard: -1
[007/024] stack limits -> soft: -1	hard: -1
[009/024] stack limits -> soft: -1	hard: -1
[011/024] stack limits -> soft: -1	hard: -1
[012/024] stack limits -> soft: -1	hard: -1
[014/024] stack limits -> soft: -1	hard: -1
[022/024] stack limits -> soft: -1	hard: -1
[018/024] stack limits -> soft: -1	hard: -1
[002/024] stack limits -> soft: -1	hard: -1
[020/024] stack limits -> soft: -1	hard: -1
[006/024] stack limits -> soft: -1	hard: -1
[004/024] stack limits -> soft: -1	hard: -1
[010/024] stack limits -> soft: -1	hard: -1
[008/024] stack limits -> soft: -1	hard: -1
[016/024] stack limits -> soft: -1	hard: -1
[000/024] stack limits -> soft: -1	hard: -1
